Build started 9/7/2014 3:03:54 AM.
     1>Project "C:\Users\Matthew\Documents\mhacks4\new\app\app\app.vcxproj" on node 2 (rebuild target(s)).
     1>_PrepareForClean:
         Deleting file "Debug\app.lastbuildstate".
       InitializeBuildStatus:
         Creating "Debug\app.unsuccessfulbuild" because "AlwaysCreate" was specified.
       ClCompile:
         C:\Program Files (x86)\Microsoft Visual Studio 10.0\VC\bin\CL.exe /c /ZI /nologo /W3 /WX- /Od /Oy- /D WIN32 /D _DEBUG /D _CONSOLE /D _UNICODE /D UNICODE /Gm /EHsc /RTC1 /MDd /GS /fp:precise /Zc:wchar_t /Zc:forScope /Fo"Debug\\" /Fd"Debug\vc100.pdb" /Gd /TC /analyze- /errorReport:prompt "..\..\..\mindset files\ThinkGear Communications Driver\win32\thinkgear_testapp\thinkgear_testapp.c"
         thinkgear_testapp.c
     1>c:\users\matthew\documents\mhacks4\mindset files\thinkgear communications driver\win32\thinkgear_testapp\thinkgear_testapp.c(14): warning C4996: 'fopen': This function or variable may be unsafe. Consider using fopen_s instead. To disable deprecation, use _CRT_SECURE_NO_WARNINGS. See online help for details.
                 c:\program files (x86)\microsoft visual studio 10.0\vc\include\stdio.h(234) : see declaration of 'fopen'
     1>c:\users\matthew\documents\mhacks4\mindset files\thinkgear communications driver\win32\thinkgear_testapp\thinkgear_testapp.c(16): warning C4996: 'fscanf': This function or variable may be unsafe. Consider using fscanf_s instead. To disable deprecation, use _CRT_SECURE_NO_WARNINGS. See online help for details.
                 c:\program files (x86)\microsoft visual studio 10.0\vc\include\stdio.h(253) : see declaration of 'fscanf'
     1>c:\users\matthew\documents\mhacks4\mindset files\thinkgear communications driver\win32\thinkgear_testapp\thinkgear_testapp.c(27): warning C4996: 'fopen': This function or variable may be unsafe. Consider using fopen_s instead. To disable deprecation, use _CRT_SECURE_NO_WARNINGS. See online help for details.
                 c:\program files (x86)\microsoft visual studio 10.0\vc\include\stdio.h(234) : see declaration of 'fopen'
     1>c:\users\matthew\documents\mhacks4\mindset files\thinkgear communications driver\win32\thinkgear_testapp\thinkgear_testapp.c(28): warning C4996: 'fscanf': This function or variable may be unsafe. Consider using fscanf_s instead. To disable deprecation, use _CRT_SECURE_NO_WARNINGS. See online help for details.
                 c:\program files (x86)\microsoft visual studio 10.0\vc\include\stdio.h(253) : see declaration of 'fscanf'
     1>c:\users\matthew\documents\mhacks4\mindset files\thinkgear communications driver\win32\thinkgear_testapp\thinkgear_testapp.c(59): warning C4996: 'fopen': This function or variable may be unsafe. Consider using fopen_s instead. To disable deprecation, use _CRT_SECURE_NO_WARNINGS. See online help for details.
                 c:\program files (x86)\microsoft visual studio 10.0\vc\include\stdio.h(234) : see declaration of 'fopen'
     1>c:\users\matthew\documents\mhacks4\mindset files\thinkgear communications driver\win32\thinkgear_testapp\thinkgear_testapp.c(124): warning C4996: 'fopen': This function or variable may be unsafe. Consider using fopen_s instead. To disable deprecation, use _CRT_SECURE_NO_WARNINGS. See online help for details.
                 c:\program files (x86)\microsoft visual studio 10.0\vc\include\stdio.h(234) : see declaration of 'fopen'
     1>c:\users\matthew\documents\mhacks4\mindset files\thinkgear communications driver\win32\thinkgear_testapp\thinkgear_testapp.c(125): warning C4996: 'fopen': This function or variable may be unsafe. Consider using fopen_s instead. To disable deprecation, use _CRT_SECURE_NO_WARNINGS. See online help for details.
                 c:\program files (x86)\microsoft visual studio 10.0\vc\include\stdio.h(234) : see declaration of 'fopen'
     1>c:\users\matthew\documents\mhacks4\mindset files\thinkgear communications driver\win32\thinkgear_testapp\thinkgear_testapp.c(126): warning C4996: 'fopen': This function or variable may be unsafe. Consider using fopen_s instead. To disable deprecation, use _CRT_SECURE_NO_WARNINGS. See online help for details.
                 c:\program files (x86)\microsoft visual studio 10.0\vc\include\stdio.h(234) : see declaration of 'fopen'
     1>c:\users\matthew\documents\mhacks4\mindset files\thinkgear communications driver\win32\thinkgear_testapp\thinkgear_testapp.c(127): warning C4996: 'fopen': This function or variable may be unsafe. Consider using fopen_s instead. To disable deprecation, use _CRT_SECURE_NO_WARNINGS. See online help for details.
                 c:\program files (x86)\microsoft visual studio 10.0\vc\include\stdio.h(234) : see declaration of 'fopen'
     1>c:\users\matthew\documents\mhacks4\mindset files\thinkgear communications driver\win32\thinkgear_testapp\thinkgear_testapp.c(128): warning C4996: 'fopen': This function or variable may be unsafe. Consider using fopen_s instead. To disable deprecation, use _CRT_SECURE_NO_WARNINGS. See online help for details.
                 c:\program files (x86)\microsoft visual studio 10.0\vc\include\stdio.h(234) : see declaration of 'fopen'
     1>c:\users\matthew\documents\mhacks4\mindset files\thinkgear communications driver\win32\thinkgear_testapp\thinkgear_testapp.c(129): warning C4996: 'fopen': This function or variable may be unsafe. Consider using fopen_s instead. To disable deprecation, use _CRT_SECURE_NO_WARNINGS. See online help for details.
                 c:\program files (x86)\microsoft visual studio 10.0\vc\include\stdio.h(234) : see declaration of 'fopen'
     1>c:\users\matthew\documents\mhacks4\mindset files\thinkgear communications driver\win32\thinkgear_testapp\thinkgear_testapp.c(130): warning C4996: 'fopen': This function or variable may be unsafe. Consider using fopen_s instead. To disable deprecation, use _CRT_SECURE_NO_WARNINGS. See online help for details.
                 c:\program files (x86)\microsoft visual studio 10.0\vc\include\stdio.h(234) : see declaration of 'fopen'
     1>c:\users\matthew\documents\mhacks4\mindset files\thinkgear communications driver\win32\thinkgear_testapp\thinkgear_testapp.c(131): warning C4996: 'fopen': This function or variable may be unsafe. Consider using fopen_s instead. To disable deprecation, use _CRT_SECURE_NO_WARNINGS. See online help for details.
                 c:\program files (x86)\microsoft visual studio 10.0\vc\include\stdio.h(234) : see declaration of 'fopen'
     1>c:\users\matthew\documents\mhacks4\mindset files\thinkgear communications driver\win32\thinkgear_testapp\thinkgear_testapp.c(132): warning C4996: 'fopen': This function or variable may be unsafe. Consider using fopen_s instead. To disable deprecation, use _CRT_SECURE_NO_WARNINGS. See online help for details.
                 c:\program files (x86)\microsoft visual studio 10.0\vc\include\stdio.h(234) : see declaration of 'fopen'
     1>c:\users\matthew\documents\mhacks4\mindset files\thinkgear communications driver\win32\thinkgear_testapp\thinkgear_testapp.c(133): warning C4996: 'fopen': This function or variable may be unsafe. Consider using fopen_s instead. To disable deprecation, use _CRT_SECURE_NO_WARNINGS. See online help for details.
                 c:\program files (x86)\microsoft visual studio 10.0\vc\include\stdio.h(234) : see declaration of 'fopen'
     1>c:\users\matthew\documents\mhacks4\mindset files\thinkgear communications driver\win32\thinkgear_testapp\thinkgear_testapp.c(151): warning C4996: 'ctime': This function or variable may be unsafe. Consider using ctime_s instead. To disable deprecation, use _CRT_SECURE_NO_WARNINGS. See online help for details.
                 c:\program files (x86)\microsoft visual studio 10.0\vc\include\time.inl(86) : see declaration of 'ctime'
     1>c:\users\matthew\documents\mhacks4\mindset files\thinkgear communications driver\win32\thinkgear_testapp\thinkgear_testapp.c(203): warning C4996: 'fopen': This function or variable may be unsafe. Consider using fopen_s instead. To disable deprecation, use _CRT_SECURE_NO_WARNINGS. See online help for details.
                 c:\program files (x86)\microsoft visual studio 10.0\vc\include\stdio.h(234) : see declaration of 'fopen'
       ManifestResourceCompile:
         C:\Program Files (x86)\Microsoft SDKs\Windows\v7.0A\bin\rc.exe /nologo /fo"Debug\app.exe.embed.manifest.res" Debug\app_manifest.rc 
       Link:
         C:\Program Files (x86)\Microsoft Visual Studio 10.0\VC\bin\link.exe /ERRORREPORT:PROMPT /OUT:"C:\Users\Matthew\Documents\mhacks4\new\app\Debug\app.exe" /INCREMENTAL /NOLOGO kernel32.lib user32.lib gdi32.lib winspool.lib comdlg32.lib advapi32.lib shell32.lib ole32.lib oleaut32.lib uuid.lib odbc32.lib odbccp32.lib /MANIFEST /ManifestFile:"Debug\app.exe.intermediate.manifest" /MANIFESTUAC:"level='asInvoker' uiAccess='false'" /DEBUG /PDB:"C:\Users\Matthew\Documents\mhacks4\new\app\Debug\app.pdb" /SUBSYSTEM:CONSOLE /TLBID:1 /DYNAMICBASE /NXCOMPAT /IMPLIB:"C:\Users\Matthew\Documents\mhacks4\new\app\Debug\app.lib" /MACHINE:X86 Debug\app.exe.embed.manifest.res
         Debug\thinkgear_testapp.obj
         "..\..\..\mindset files\ThinkGear Communications Driver\win32\thinkgear_testapp\thinkgear.lib"
       Manifest:
         Deleting file "Debug\app.exe.embed.manifest".
         C:\Program Files (x86)\Microsoft SDKs\Windows\v7.0A\bin\mt.exe /nologo /verbose /out:"Debug\app.exe.embed.manifest" /manifest Debug\app.exe.intermediate.manifest
         C:\Program Files (x86)\Microsoft SDKs\Windows\v7.0A\bin\rc.exe /nologo /fo"Debug\app.exe.embed.manifest.res" Debug\app_manifest.rc 
       LinkEmbedManifest:
         C:\Program Files (x86)\Microsoft Visual Studio 10.0\VC\bin\link.exe /ERRORREPORT:PROMPT /OUT:"C:\Users\Matthew\Documents\mhacks4\new\app\Debug\app.exe" /INCREMENTAL /NOLOGO kernel32.lib user32.lib gdi32.lib winspool.lib comdlg32.lib advapi32.lib shell32.lib ole32.lib oleaut32.lib uuid.lib odbc32.lib odbccp32.lib /MANIFEST /ManifestFile:"Debug\app.exe.intermediate.manifest" /MANIFESTUAC:"level='asInvoker' uiAccess='false'" /DEBUG /PDB:"C:\Users\Matthew\Documents\mhacks4\new\app\Debug\app.pdb" /SUBSYSTEM:CONSOLE /TLBID:1 /DYNAMICBASE /NXCOMPAT /IMPLIB:"C:\Users\Matthew\Documents\mhacks4\new\app\Debug\app.lib" /MACHINE:X86 Debug\app.exe.embed.manifest.res
         Debug\thinkgear_testapp.obj
         "..\..\..\mindset files\ThinkGear Communications Driver\win32\thinkgear_testapp\thinkgear.lib"
         app.vcxproj -> C:\Users\Matthew\Documents\mhacks4\new\app\Debug\app.exe
       FinalizeBuildStatus:
         Deleting file "Debug\app.unsuccessfulbuild".
         Touching "Debug\app.lastbuildstate".
     1>Done Building Project "C:\Users\Matthew\Documents\mhacks4\new\app\app\app.vcxproj" (rebuild target(s)).

Build succeeded.

Time Elapsed 00:00:00.99
