C:\USERS\MATTHEW\DOCUMENTS\MHACKS4\NEW\APP\APP\DEBUG\APP.EXE.EMBED.MANIFEST
C:\USERS\MATTHEW\DOCUMENTS\MHACKS4\NEW\APP\APP\DEBUG\APP.EXE.EMBED.MANIFEST.RES
C:\USERS\MATTHEW\DOCUMENTS\MHACKS4\NEW\APP\APP\DEBUG\APP.EXE.INTERMEDIATE.MANIFEST
C:\Users\Matthew\Documents\mhacks4\new\app\app\Debug\app.write.1.tlog
C:\Users\Matthew\Documents\mhacks4\new\app\app\Debug\app_manifest.rc
C:\Users\Matthew\Documents\mhacks4\new\app\app\Debug\cl.command.1.tlog
C:\Users\Matthew\Documents\mhacks4\new\app\app\Debug\CL.read.1.tlog
C:\Users\Matthew\Documents\mhacks4\new\app\app\Debug\CL.write.1.tlog
C:\Users\Matthew\Documents\mhacks4\new\app\app\Debug\link.7700.read.1.tlog
C:\Users\Matthew\Documents\mhacks4\new\app\app\Debug\link.7700.write.1.tlog
C:\Users\Matthew\Documents\mhacks4\new\app\app\Debug\link.7700-cvtres.read.1.tlog
C:\Users\Matthew\Documents\mhacks4\new\app\app\Debug\link.7700-cvtres.write.1.tlog
C:\Users\Matthew\Documents\mhacks4\new\app\app\Debug\link.command.1.tlog
C:\Users\Matthew\Documents\mhacks4\new\app\app\Debug\link.read.1.tlog
C:\Users\Matthew\Documents\mhacks4\new\app\app\Debug\link.write.1.tlog
C:\Users\Matthew\Documents\mhacks4\new\app\app\Debug\link-cvtres.read.1.tlog
C:\Users\Matthew\Documents\mhacks4\new\app\app\Debug\link-cvtres.write.1.tlog
C:\Users\Matthew\Documents\mhacks4\new\app\app\Debug\mt.command.1.tlog
C:\Users\Matthew\Documents\mhacks4\new\app\app\Debug\mt.read.1.tlog
C:\Users\Matthew\Documents\mhacks4\new\app\app\Debug\mt.write.1.tlog
C:\Users\Matthew\Documents\mhacks4\new\app\app\Debug\rc.command.1.tlog
C:\Users\Matthew\Documents\mhacks4\new\app\app\Debug\rc.read.1.tlog
C:\Users\Matthew\Documents\mhacks4\new\app\app\Debug\rc.write.1.tlog
C:\USERS\MATTHEW\DOCUMENTS\MHACKS4\NEW\APP\APP\DEBUG\THINKGEAR_TESTAPP.OBJ
C:\Users\Matthew\Documents\mhacks4\new\app\app\Debug\vc100.idb
C:\USERS\MATTHEW\DOCUMENTS\MHACKS4\NEW\APP\APP\DEBUG\VC100.PDB
C:\USERS\MATTHEW\DOCUMENTS\MHACKS4\NEW\APP\DEBUG\APP.EXE
C:\USERS\MATTHEW\DOCUMENTS\MHACKS4\NEW\APP\DEBUG\APP.ILK
C:\USERS\MATTHEW\DOCUMENTS\MHACKS4\NEW\APP\DEBUG\APP.PDB
